[2021-12-24 07:36:08] main.INFO: Broken reference: the 'catalog.compare.sidebar' element cannot be added as child to 'sidebar.additional', because the latter doesn't exist [] []
[2021-12-24 07:36:08] main.INFO: Broken reference: the 'sale.reorder.sidebar' element cannot be added as child to 'sidebar.additional', because the latter doesn't exist [] []
[2021-12-24 07:36:08] main.INFO: Broken reference: the 'wishlist_sidebar' element cannot be added as child to 'sidebar.additional', because the latter doesn't exist [] []
[2021-12-24 07:36:08] main.INFO: Broken reference: the 'custom_info.order.success' element cannot be added as child to 'order.success.additional.info', because the latter doesn't exist [] []
[2021-12-24 07:36:08] main.INFO: Broken reference: the 'accordion.sidebar' element cannot be added as child to 'div.sidebar.main', because the latter doesn't exist [] []
[2021-12-24 07:36:08] main.INFO: Broken reference: the 'yotpo_bottomline' element cannot be added as child to 'product.info.main', because the latter doesn't exist [] []
[2021-12-24 07:36:08] main.INFO: Broken reference: the 'minicart' tries to reorder itself towards 'logo', but their parents are different: 'header-wrapper' and 'alothemes_header' respectively. [] []
[2021-12-24 07:36:08] main.INFO: Broken reference: the 'wish-list-link' tries to reorder itself towards 'my-account-link', but their parents are different: 'header.customlinks' and 'links.header' respectively. [] []
[2021-12-24 07:36:08] main.INFO: Broken reference: the 'custom_info.order.success' tries to reorder itself towards '', but their parents are different: 'order.success.additional.info' and '' respectively. [] []
[2021-12-24 07:36:08] main.INFO: Broken reference: the 'dangs_whatsapp_chat' tries to reorder itself towards 'before.body.end', but their parents are different: 'before.body.end' and 'page.wrapper' respectively. [] []
[2021-12-24 07:36:08] main.INFO: Broken reference: the 'accordion.sidebar' tries to reorder itself towards '', but their parents are different: 'div.sidebar.main' and '' respectively. [] []
[2021-12-24 07:36:08] main.INFO: Broken reference: the 'yotpo_bottomline' tries to reorder itself towards 'product.info.addto', but their parents are different: 'product.info.main' and '' respectively. [] []
[2021-12-24 07:36:08] main.INFO: Broken reference: the 'my-link1' tries to reorder itself towards 'wish-list-link', but their parents are different: 'links.header' and 'header.customlinks' respectively. [] []
[2021-12-24 07:36:11] main.INFO: Broken reference: the 'catalog.compare.sidebar' element cannot be added as child to 'sidebar.additional', because the latter doesn't exist [] []
[2021-12-24 07:36:11] main.INFO: Broken reference: the 'sale.reorder.sidebar' element cannot be added as child to 'sidebar.additional', because the latter doesn't exist [] []
[2021-12-24 07:36:11] main.INFO: Broken reference: the 'wishlist_sidebar' element cannot be added as child to 'sidebar.additional', because the latter doesn't exist [] []
[2021-12-24 07:36:11] main.INFO: Broken reference: the 'custom_info.order.success' element cannot be added as child to 'order.success.additional.info', because the latter doesn't exist [] []
[2021-12-24 07:36:11] main.INFO: Broken reference: the 'accordion.sidebar' element cannot be added as child to 'div.sidebar.main', because the latter doesn't exist [] []
[2021-12-24 07:36:11] main.INFO: Broken reference: the 'yotpo_bottomline' element cannot be added as child to 'product.info.main', because the latter doesn't exist [] []
[2021-12-24 07:36:11] main.INFO: Broken reference: the 'minicart' tries to reorder itself towards 'logo', but their parents are different: 'header-wrapper' and 'alothemes_header' respectively. [] []
[2021-12-24 07:36:11] main.INFO: Broken reference: the 'wish-list-link' tries to reorder itself towards 'my-account-link', but their parents are different: 'header.customlinks' and 'links.header' respectively. [] []
[2021-12-24 07:36:11] main.INFO: Broken reference: the 'custom_info.order.success' tries to reorder itself towards '', but their parents are different: 'order.success.additional.info' and '' respectively. [] []
[2021-12-24 07:36:11] main.INFO: Broken reference: the 'dangs_whatsapp_chat' tries to reorder itself towards 'before.body.end', but their parents are different: 'before.body.end' and 'page.wrapper' respectively. [] []
[2021-12-24 07:36:11] main.INFO: Broken reference: the 'accordion.sidebar' tries to reorder itself towards '', but their parents are different: 'div.sidebar.main' and '' respectively. [] []
[2021-12-24 07:36:11] main.INFO: Broken reference: the 'yotpo_bottomline' tries to reorder itself towards 'product.info.addto', but their parents are different: 'product.info.main' and '' respectively. [] []
[2021-12-24 07:36:11] main.INFO: Broken reference: the 'my-link1' tries to reorder itself towards 'wish-list-link', but their parents are different: 'links.header' and 'header.customlinks' respectively. [] []
